2017-09-15 18:50:19 INFO  properties:16 - Cliked on Login button
2017-09-15 18:50:19 INFO  properties:20 - Entered the username
2017-09-15 19:03:41 INFO  properties:16 - Cliked on Login button
2017-09-15 19:03:42 INFO  properties:20 - Entered the username
2017-09-18 11:17:42 WARN  ResponseProcessCookies:130 - Invalid cookie header: "set-cookie: fm=0; Expires=Mon, 18 Sep 2017 05:47:33 UTC; Path=/; Domain=.twitter.com; Secure; HTTPOnly". Invalid 'expires' attribute: Mon, 18 Sep 2017 05:47:33 UTC
2017-09-18 11:17:42 WARN  ResponseProcessCookies:130 - Invalid cookie header: "set-cookie: personalization_id="v1_LolsXDoh6IUxSOAyvAOFiw=="; Expires=Wed, 18 Sep 2019 05:47:42 UTC; Path=/; Domain=.twitter.com". Invalid 'expires' attribute: Wed, 18 Sep 2019 05:47:42 UTC
2017-09-18 11:17:42 WARN  ResponseProcessCookies:130 - Invalid cookie header: "set-cookie: guest_id=v1%3A150571366265087313; Expires=Wed, 18 Sep 2019 05:47:42 UTC; Path=/; Domain=.twitter.com". Invalid 'expires' attribute: Wed, 18 Sep 2019 05:47:42 UTC
2017-09-18 11:17:42 WARN  ResponseProcessCookies:130 - Invalid cookie header: "set-cookie: external_referer=Vs%2BEmu1btvv%2FEicWzqDQWj2ecJVP%2BfIssGLLhx2AVJQkUNNWMew%2B0f%2BagjU%2F0NA8giXS6QkLSOpEWByRinj%2FgjPmUnHZpAIF|0|8e8t2xd8A2w%3D; Expires=Mon, 25 Sep 2017 05:47:42 UTC; Path=/; Domain=.twitter.com". Invalid 'expires' attribute: Mon, 25 Sep 2017 05:47:42 UTC
2017-09-18 11:17:42 WARN  ResponseProcessCookies:130 - Invalid cookie header: "set-cookie: ct0=f1e30e6a3cbeb0d670e61d1fd9341e7d; Expires=Mon, 18 Sep 2017 11:47:42 UTC; Path=/; Domain=.twitter.com; Secure". Invalid 'expires' attribute: Mon, 18 Sep 2017 11:47:42 UTC
2017-09-18 11:17:43 WARN  ResponseProcessCookies:130 - Invalid cookie header: "set-cookie: fm=0; Expires=Mon, 18 Sep 2017 05:47:34 UTC; Path=/; Domain=.twitter.com; Secure; HTTPOnly". Invalid 'expires' attribute: Mon, 18 Sep 2017 05:47:34 UTC
2017-09-18 11:17:43 WARN  ResponseProcessCookies:130 - Invalid cookie header: "set-cookie: personalization_id="v1_BEOO7vGvyNYRXIiz9vAx1w=="; Expires=Wed, 18 Sep 2019 05:47:43 UTC; Path=/; Domain=.twitter.com". Invalid 'expires' attribute: Wed, 18 Sep 2019 05:47:43 UTC
2017-09-18 11:17:43 WARN  ResponseProcessCookies:130 - Invalid cookie header: "set-cookie: guest_id=v1%3A150571366300562776; Expires=Wed, 18 Sep 2019 05:47:43 UTC; Path=/; Domain=.twitter.com". Invalid 'expires' attribute: Wed, 18 Sep 2019 05:47:43 UTC
2017-09-18 11:17:43 WARN  ResponseProcessCookies:130 - Invalid cookie header: "set-cookie: ct0=68d0a8469fe2651ba46e0767154a702c; Expires=Mon, 18 Sep 2017 11:47:43 UTC; Path=/; Domain=.twitter.com; Secure". Invalid 'expires' attribute: Mon, 18 Sep 2017 11:47:43 UTC
2017-09-18 11:18:10 WARN  ResponseProcessCookies:130 - Invalid cookie header: "Set-Cookie: tracking_id=9f3b6f0d-fb4c-4ff6-b875-ed43e3bf0894; path=/; expires=Sun, 18 Sep 2022 05:48:10 -0000". Invalid 'expires' attribute: Sun, 18 Sep 2022 05:48:10 -0000
2017-09-18 11:18:15 WARN  ResponseProcessCookies:130 - Invalid cookie header: "Set-Cookie: lidc="b=SGST03:g=3:u=1:i=1505713695:t=1505800095:s=AQGBRy85Hrma06lpVqu3METUi_Nb7VOO"; Expires=Tue, 19 Sep 2017 05:48:15 GMT; domain=.linkedin.com; Path=/". Invalid 'expires' attribute: Tue, 19 Sep 2017 05:48:15 GMT
2017-09-18 11:20:12 WARN  ResponseProcessCookies:130 - Invalid cookie header: "set-cookie: fm=0; Expires=Mon, 18 Sep 2017 05:50:03 UTC; Path=/; Domain=.twitter.com; Secure; HTTPOnly". Invalid 'expires' attribute: Mon, 18 Sep 2017 05:50:03 UTC
2017-09-18 11:20:12 WARN  ResponseProcessCookies:130 - Invalid cookie header: "set-cookie: personalization_id="v1_Fox/m58PJTOBhiSpurzKcQ=="; Expires=Wed, 18 Sep 2019 05:50:12 UTC; Path=/; Domain=.twitter.com". Invalid 'expires' attribute: Wed, 18 Sep 2019 05:50:12 UTC
2017-09-18 11:20:12 WARN  ResponseProcessCookies:130 - Invalid cookie header: "set-cookie: guest_id=v1%3A150571381256459565; Expires=Wed, 18 Sep 2019 05:50:12 UTC; Path=/; Domain=.twitter.com". Invalid 'expires' attribute: Wed, 18 Sep 2019 05:50:12 UTC
2017-09-18 11:20:12 WARN  ResponseProcessCookies:130 - Invalid cookie header: "set-cookie: external_referer=Vs%2BEmu1btvv%2FEicWzqDQWj2ecJVP%2BfIssGLLhx2AVJQkUNNWMew%2B0f%2BagjU%2F0NA8giXS6QkLSOpEWByRinj%2FgjPmUnHZpAIF|0|8e8t2xd8A2w%3D; Expires=Mon, 25 Sep 2017 05:50:12 UTC; Path=/; Domain=.twitter.com". Invalid 'expires' attribute: Mon, 25 Sep 2017 05:50:12 UTC
2017-09-18 11:20:12 WARN  ResponseProcessCookies:130 - Invalid cookie header: "set-cookie: ct0=ff683b49033218abc57a787345a410e7; Expires=Mon, 18 Sep 2017 11:50:12 UTC; Path=/; Domain=.twitter.com; Secure". Invalid 'expires' attribute: Mon, 18 Sep 2017 11:50:12 UTC
2017-09-18 11:20:13 WARN  ResponseProcessCookies:130 - Invalid cookie header: "set-cookie: fm=0; Expires=Mon, 18 Sep 2017 05:50:03 UTC; Path=/; Domain=.twitter.com; Secure; HTTPOnly". Invalid 'expires' attribute: Mon, 18 Sep 2017 05:50:03 UTC
2017-09-18 11:20:13 WARN  ResponseProcessCookies:130 - Invalid cookie header: "set-cookie: personalization_id="v1_5jv02hMSzONofY7Ze4xWAQ=="; Expires=Wed, 18 Sep 2019 05:50:12 UTC; Path=/; Domain=.twitter.com". Invalid 'expires' attribute: Wed, 18 Sep 2019 05:50:12 UTC
2017-09-18 11:20:13 WARN  ResponseProcessCookies:130 - Invalid cookie header: "set-cookie: guest_id=v1%3A150571381286186816; Expires=Wed, 18 Sep 2019 05:50:12 UTC; Path=/; Domain=.twitter.com". Invalid 'expires' attribute: Wed, 18 Sep 2019 05:50:12 UTC
2017-09-18 11:20:13 WARN  ResponseProcessCookies:130 - Invalid cookie header: "set-cookie: ct0=5129c6396aa4a92126eb1e0c297fd664; Expires=Mon, 18 Sep 2017 11:50:12 UTC; Path=/; Domain=.twitter.com; Secure". Invalid 'expires' attribute: Mon, 18 Sep 2017 11:50:12 UTC
2017-09-18 11:20:40 WARN  ResponseProcessCookies:130 - Invalid cookie header: "Set-Cookie: tracking_id=195ae28d-de18-4843-8474-6d6eb559dc4c; path=/; expires=Sun, 18 Sep 2022 05:50:40 -0000". Invalid 'expires' attribute: Sun, 18 Sep 2022 05:50:40 -0000
2017-09-18 11:20:43 WARN  ResponseProcessCookies:130 - Invalid cookie header: "Set-Cookie: lidc="b=SGST03:g=3:u=1:i=1505713843:t=1505800243:s=AQHfBJB6w-gCy3fFARdWGscfPhwxobQF"; Expires=Tue, 19 Sep 2017 05:50:43 GMT; domain=.linkedin.com; Path=/". Invalid 'expires' attribute: Tue, 19 Sep 2017 05:50:43 GMT
2017-09-21 10:35:20 INFO  properties:16 - Cliked on Login button
2017-09-21 10:35:21 INFO  properties:20 - Entered the username
2017-09-21 11:50:37 INFO  properties:16 - Cliked on Login button
2017-09-21 11:50:38 INFO  properties:20 - Entered the username
2017-09-21 12:28:07 INFO  properties:16 - Cliked on Login button
2017-09-21 12:28:07 INFO  properties:20 - Entered the username
